WARNING: Unknown module: spring.core specified to --add-exports
{"timestamp":"2021-11-13 09:21:02,873","container":"19563677d0c1","level":"INFO","thread":"main","logger":"c.q.t.enclave.EnclaveFactoryImpl","message":"Creating enclave","throwable":""}
{"timestamp":"2021-11-13 09:21:02,889","container":"19563677d0c1","level":"INFO","thread":"main","logger":"c.q.t.enclave.EnclaveFactoryImpl","message":"Creating enclave server","throwable":""}
{"timestamp":"2021-11-13 09:21:03,417","container":"19563677d0c1","level":"WARN","thread":"main","logger":"c.q.t.c.util.EncryptedStringResolver","message":"Some sensitive values are being given as unencrypted plain text in config. Please note this is NOT recommended for production environment.","throwable":""}
{"timestamp":"2021-11-13 09:21:03,440","container":"19563677d0c1","level":"INFO","thread":"main","logger":"com.zaxxer.hikari.HikariDataSource","message":"HikariPool-1 - Starting...","throwable":""}
{"timestamp":"2021-11-13 09:21:04,887","container":"19563677d0c1","level":"INFO","thread":"main","logger":"com.zaxxer.hikari.HikariDataSource","message":"HikariPool-1 - Start completed.","throwable":""}
{"timestamp":"2021-11-13 09:21:06,039","container":"19563677d0c1","level":"INFO","thread":"main","logger":"eclipselink.logging.all","message":"EclipseLink, version: Eclipse Persistence Services - 3.0.2.v202107160933","throwable":""}
{"timestamp":"2021-11-13 09:21:06,635","container":"19563677d0c1","level":"INFO","thread":"main","logger":"eclipselink.logging.all","message":"EclipseLink, version: Eclipse Persistence Services - 3.0.2.v202107160933","throwable":""}
{"timestamp":"2021-11-13 09:21:07,133","container":"19563677d0c1","level":"INFO","thread":"main","logger":"c.q.t.l.ScheduledServiceFactory","message":"Creating p2p client","throwable":""}
{"timestamp":"2021-11-13 09:21:07,141","container":"19563677d0c1","level":"INFO","thread":"main","logger":"c.q.t.l.ScheduledServiceFactory","message":"Created p2p client com.quorum.tessera.p2p.partyinfo.RestP2pClient@7ccd611e","throwable":""}
{"timestamp":"2021-11-13 09:21:07,151","container":"19563677d0c1","level":"INFO","thread":"main","logger":"c.q.t.l.ScheduledServiceFactory","message":"Creating EnclaveKeySynchroniser","throwable":""}
{"timestamp":"2021-11-13 09:21:07,157","container":"19563677d0c1","level":"INFO","thread":"main","logger":"c.q.t.l.ScheduledServiceFactory","message":"Created EnclaveKeySynchroniser com.quorum.tessera.discovery.internal.EnclaveKeySynchroniserImpl@7aa01bd9","throwable":""}
{"timestamp":"2021-11-13 09:21:07,160","container":"19563677d0c1","level":"INFO","thread":"main","logger":"c.q.t.l.ScheduledServiceFactory","message":"Creating PartyInfoBroadcaster","throwable":""}
{"timestamp":"2021-11-13 09:21:07,168","container":"19563677d0c1","level":"INFO","thread":"main","logger":"c.q.t.l.ScheduledServiceFactory","message":"Created PartyInfoBroadcaster com.quorum.tessera.p2p.partyinfo.PartyInfoBroadcaster@3b0d3a63","throwable":""}
{"timestamp":"2021-11-13 09:21:07,180","container":"19563677d0c1","level":"INFO","thread":"main","logger":"c.q.t.t.TesseraScheduledExecutor","message":"Starting ScheduledServiceFactory$$Lambda$241/0x0000000100558840","throwable":""}
{"timestamp":"2021-11-13 09:21:07,208","container":"19563677d0c1","level":"INFO","thread":"main","logger":"c.q.t.t.TesseraScheduledExecutor","message":"Started ScheduledServiceFactory$$Lambda$241/0x0000000100558840","throwable":""}
{"timestamp":"2021-11-13 09:21:07,215","container":"19563677d0c1","level":"INFO","thread":"main","logger":"c.q.t.t.TesseraScheduledExecutor","message":"Starting PartyInfoBroadcaster","throwable":""}
{"timestamp":"2021-11-13 09:21:07,234","container":"19563677d0c1","level":"INFO","thread":"main","logger":"c.q.t.t.TesseraScheduledExecutor","message":"Started PartyInfoBroadcaster","throwable":""}
{"timestamp":"2021-11-13 09:21:07,239","container":"19563677d0c1","level":"INFO","thread":"main","logger":"c.q.t.l.ScheduledServiceFactory","message":"Creating Enclave","throwable":""}
{"timestamp":"2021-11-13 09:21:07,243","container":"19563677d0c1","level":"INFO","thread":"main","logger":"c.q.t.l.ScheduledServiceFactory","message":"Created Enclave com.quorum.tessera.enclave.EnclaveImpl@5cfed0ba","throwable":""}
{"timestamp":"2021-11-13 09:21:07,247","container":"19563677d0c1","level":"INFO","thread":"main","logger":"c.q.t.l.ScheduledServiceFactory","message":"Starting Enclave","throwable":""}
{"timestamp":"2021-11-13 09:21:07,254","container":"19563677d0c1","level":"INFO","thread":"main","logger":"c.q.t.l.ScheduledServiceFactory","message":"Started Enclave","throwable":""}
{"timestamp":"2021-11-13 09:21:07,810","container":"19563677d0c1","level":"INFO","thread":"main","logger":"c.q.t.server.jersey.JerseyServer","message":"Starting http://172.16.239.28:9080","throwable":""}
{"timestamp":"2021-11-13 09:21:07,818","container":"19563677d0c1","level":"INFO","thread":"main","logger":"org.eclipse.jetty.server.Server","message":"jetty-11.0.6; built: 2021-06-29T16:16:33.537Z; git: 69469432898becda3aed32a32d4b0adbb7b6daee; jvm 11.0.12+7","throwable":""}
{"timestamp":"2021-11-13 09:21:09,419","container":"19563677d0c1","level":"WARN","thread":"main","logger":"o.g.jersey.internal.inject.Providers","message":"A provider com.quorum.tessera.api.common.RawTransactionResource registered in SERVER runtime does not implement any provider interfaces applicable in the SERVER runtime. Due to constraint configuration problems the provider com.quorum.tessera.api.common.RawTransactionResource will be ignored. ","throwable":""}
{"timestamp":"2021-11-13 09:21:09,420","container":"19563677d0c1","level":"WARN","thread":"main","logger":"o.g.jersey.internal.inject.Providers","message":"A provider com.quorum.tessera.thirdparty.PartyInfoResource registered in SERVER runtime does not implement any provider interfaces applicable in the SERVER runtime. Due to constraint configuration problems the provider com.quorum.tessera.thirdparty.PartyInfoResource will be ignored. ","throwable":""}
{"timestamp":"2021-11-13 09:21:09,420","container":"19563677d0c1","level":"WARN","thread":"main","logger":"o.g.jersey.internal.inject.Providers","message":"A provider com.quorum.tessera.thirdparty.KeyResource registered in SERVER runtime does not implement any provider interfaces applicable in the SERVER runtime. Due to constraint configuration problems the provider com.quorum.tessera.thirdparty.KeyResource will be ignored. ","throwable":""}
{"timestamp":"2021-11-13 09:21:09,421","container":"19563677d0c1","level":"WARN","thread":"main","logger":"o.g.jersey.internal.inject.Providers","message":"A provider com.quorum.tessera.api.common.UpCheckResource registered in SERVER runtime does not implement any provider interfaces applicable in the SERVER runtime. Due to constraint configuration problems the provider com.quorum.tessera.api.common.UpCheckResource will be ignored. ","throwable":""}
{"timestamp":"2021-11-13 09:21:09,787","container":"19563677d0c1","level":"INFO","thread":"main","logger":"o.e.j.server.handler.ContextHandler","message":"Started o.e.j.s.ServletContextHandler@36e3321e{/,null,AVAILABLE}","throwable":""}
{"timestamp":"2021-11-13 09:21:09,876","container":"19563677d0c1","level":"INFO","thread":"main","logger":"o.e.jetty.server.AbstractConnector","message":"Started ServerConnector@27e44e9c{HTTP/1.1, (http/1.1)}{0.0.0.0:9080}","throwable":""}
{"timestamp":"2021-11-13 09:21:09,914","container":"19563677d0c1","level":"INFO","thread":"main","logger":"org.eclipse.jetty.server.Server","message":"Started Server@9a9aa68{STARTING}[11.0.6,sto=0] @31200ms","throwable":""}
{"timestamp":"2021-11-13 09:21:09,920","container":"19563677d0c1","level":"INFO","thread":"main","logger":"c.q.t.server.jersey.JerseyServer","message":"Started http://172.16.239.28:9080","throwable":""}
{"timestamp":"2021-11-13 09:21:09,926","container":"19563677d0c1","level":"INFO","thread":"main","logger":"c.q.t.server.jersey.JerseyServer","message":"WADL http://172.16.239.28:9080/application.wadl","throwable":""}
{"timestamp":"2021-11-13 09:21:09,929","container":"19563677d0c1","level":"INFO","thread":"main","logger":"c.q.t.server.jersey.JerseyServer","message":"Starting http://172.16.239.28:9101","throwable":""}
{"timestamp":"2021-11-13 09:21:09,936","container":"19563677d0c1","level":"INFO","thread":"main","logger":"org.eclipse.jetty.server.Server","message":"jetty-11.0.6; built: 2021-06-29T16:16:33.537Z; git: 69469432898becda3aed32a32d4b0adbb7b6daee; jvm 11.0.12+7","throwable":""}
{"timestamp":"2021-11-13 09:21:10,579","container":"19563677d0c1","level":"WARN","thread":"main","logger":"o.g.jersey.internal.inject.Providers","message":"A provider com.quorum.tessera.q2t.TransactionResource registered in SERVER runtime does not implement any provider interfaces applicable in the SERVER runtime. Due to constraint configuration problems the provider com.quorum.tessera.q2t.TransactionResource will be ignored. ","throwable":""}
{"timestamp":"2021-11-13 09:21:10,581","container":"19563677d0c1","level":"WARN","thread":"main","logger":"o.g.jersey.internal.inject.Providers","message":"A provider com.quorum.tessera.q2t.TransactionResource3 registered in SERVER runtime does not implement any provider interfaces applicable in the SERVER runtime. Due to constraint configuration problems the provider com.quorum.tessera.q2t.TransactionResource3 will be ignored. ","throwable":""}
{"timestamp":"2021-11-13 09:21:10,582","container":"19563677d0c1","level":"WARN","thread":"main","logger":"o.g.jersey.internal.inject.Providers","message":"A provider com.quorum.tessera.q2t.PrivacyGroupResource registered in SERVER runtime does not implement any provider interfaces applicable in the SERVER runtime. Due to constraint configuration problems the provider com.quorum.tessera.q2t.PrivacyGroupResource will be ignored. ","throwable":""}
{"timestamp":"2021-11-13 09:21:10,584","container":"19563677d0c1","level":"WARN","thread":"main","logger":"o.g.jersey.internal.inject.Providers","message":"A provider com.quorum.tessera.q2t.TransactionResource4 registered in SERVER runtime does not implement any provider interfaces applicable in the SERVER runtime. Due to constraint configuration problems the provider com.quorum.tessera.q2t.TransactionResource4 will be ignored. ","throwable":""}
{"timestamp":"2021-11-13 09:21:10,586","container":"19563677d0c1","level":"WARN","thread":"main","logger":"o.g.jersey.internal.inject.Providers","message":"A provider com.quorum.tessera.q2t.EncodedPayloadResource registered in SERVER runtime does not implement any provider interfaces applicable in the SERVER runtime. Due to constraint configuration problems the provider com.quorum.tessera.q2t.EncodedPayloadResource will be ignored. ","throwable":""}
{"timestamp":"2021-11-13 09:21:10,588","container":"19563677d0c1","level":"WARN","thread":"main","logger":"o.g.jersey.internal.inject.Providers","message":"A provider com.quorum.tessera.api.common.RawTransactionResource registered in SERVER runtime does not implement any provider interfaces applicable in the SERVER runtime. Due to constraint configuration problems the provider com.quorum.tessera.api.common.RawTransactionResource will be ignored. ","throwable":""}
{"timestamp":"2021-11-13 09:21:10,589","container":"19563677d0c1","level":"WARN","thread":"main","logger":"o.g.jersey.internal.inject.Providers","message":"A provider com.quorum.tessera.api.common.UpCheckResource registered in SERVER runtime does not implement any provider interfaces applicable in the SERVER runtime. Due to constraint configuration problems the provider com.quorum.tessera.api.common.UpCheckResource will be ignored. ","throwable":""}
{"timestamp":"2021-11-13 09:21:11,214","container":"19563677d0c1","level":"INFO","thread":"main","logger":"o.e.j.server.handler.ContextHandler","message":"Started o.e.j.s.ServletContextHandler@5600a278{/,null,AVAILABLE}","throwable":""}
{"timestamp":"2021-11-13 09:21:11,225","container":"19563677d0c1","level":"INFO","thread":"main","logger":"o.e.jetty.server.AbstractConnector","message":"Started ServerConnector@71316cd7{HTTP/1.1, (http/1.1)}{0.0.0.0:9101}","throwable":""}
{"timestamp":"2021-11-13 09:21:11,227","container":"19563677d0c1","level":"INFO","thread":"main","logger":"org.eclipse.jetty.server.Server","message":"Started Server@68df8c6{STARTING}[11.0.6,sto=0] @32512ms","throwable":""}
{"timestamp":"2021-11-13 09:21:11,229","container":"19563677d0c1","level":"INFO","thread":"main","logger":"c.q.t.server.jersey.JerseyServer","message":"Started http://172.16.239.28:9101","throwable":""}
{"timestamp":"2021-11-13 09:21:11,233","container":"19563677d0c1","level":"INFO","thread":"main","logger":"c.q.t.server.jersey.JerseyServer","message":"WADL http://172.16.239.28:9101/application.wadl","throwable":""}
{"timestamp":"2021-11-13 09:21:11,236","container":"19563677d0c1","level":"INFO","thread":"main","logger":"c.q.t.server.jersey.JerseyServer","message":"Starting http://172.16.239.28:9000","throwable":""}
{"timestamp":"2021-11-13 09:21:11,239","container":"19563677d0c1","level":"INFO","thread":"main","logger":"org.eclipse.jetty.server.Server","message":"jetty-11.0.6; built: 2021-06-29T16:16:33.537Z; git: 69469432898becda3aed32a32d4b0adbb7b6daee; jvm 11.0.12+7","throwable":""}
{"timestamp":"2021-11-13 09:21:12,224","container":"19563677d0c1","level":"INFO","thread":"pool-4-thread-1","logger":"c.q.t.p.p.PartyInfoBroadcaster","message":"Started PartyInfo polling round","throwable":""}
{"timestamp":"2021-11-13 09:21:12,432","container":"19563677d0c1","level":"INFO","thread":"pool-4-thread-1","logger":"c.q.t.p.p.PartyInfoBroadcaster","message":"Finished PartyInfo polling round","throwable":""}
{"timestamp":"2021-11-13 09:21:12,630","container":"19563677d0c1","level":"WARN","thread":"main","logger":"o.g.jersey.internal.inject.Providers","message":"A provider com.quorum.tessera.p2p.PrivacyGroupResource registered in SERVER runtime does not implement any provider interfaces applicable in the SERVER runtime. Due to constraint configuration problems the provider com.quorum.tessera.p2p.PrivacyGroupResource will be ignored. ","throwable":""}
{"timestamp":"2021-11-13 09:21:12,635","container":"19563677d0c1","level":"WARN","thread":"main","logger":"o.g.jersey.internal.inject.Providers","message":"A provider com.quorum.tessera.p2p.TransactionResource registered in SERVER runtime does not implement any provider interfaces applicable in the SERVER runtime. Due to constraint configuration problems the provider com.quorum.tessera.p2p.TransactionResource will be ignored. ","throwable":""}
{"timestamp":"2021-11-13 09:21:12,637","container":"19563677d0c1","level":"WARN","thread":"main","logger":"o.g.jersey.internal.inject.Providers","message":"A provider com.quorum.tessera.api.common.UpCheckResource registered in SERVER runtime does not implement any provider interfaces applicable in the SERVER runtime. Due to constraint configuration problems the provider com.quorum.tessera.api.common.UpCheckResource will be ignored. ","throwable":""}
{"timestamp":"2021-11-13 09:21:12,640","container":"19563677d0c1","level":"WARN","thread":"main","logger":"o.g.jersey.internal.inject.Providers","message":"A provider com.quorum.tessera.p2p.PartyInfoResource registered in SERVER runtime does not implement any provider interfaces applicable in the SERVER runtime. Due to constraint configuration problems the provider com.quorum.tessera.p2p.PartyInfoResource will be ignored. ","throwable":""}
{"timestamp":"2021-11-13 09:21:14,441","container":"19563677d0c1","level":"INFO","thread":"main","logger":"o.e.j.server.handler.ContextHandler","message":"Started o.e.j.s.ServletContextHandler@545f0b6{/,null,AVAILABLE}","throwable":""}
{"timestamp":"2021-11-13 09:21:14,507","container":"19563677d0c1","level":"INFO","thread":"main","logger":"o.e.jetty.server.AbstractConnector","message":"Started ServerConnector@41026e5c{HTTP/1.1, (http/1.1)}{0.0.0.0:9000}","throwable":""}
{"timestamp":"2021-11-13 09:21:14,571","container":"19563677d0c1","level":"INFO","thread":"main","logger":"org.eclipse.jetty.server.Server","message":"Started Server@731e0bff{STARTING}[11.0.6,sto=0] @35842ms","throwable":""}
{"timestamp":"2021-11-13 09:21:14,707","container":"19563677d0c1","level":"INFO","thread":"main","logger":"c.q.t.server.jersey.JerseyServer","message":"Started http://172.16.239.28:9000","throwable":""}
{"timestamp":"2021-11-13 09:21:14,724","container":"19563677d0c1","level":"INFO","thread":"main","logger":"c.q.t.server.jersey.JerseyServer","message":"WADL http://172.16.239.28:9000/application.wadl","throwable":""}
{"timestamp":"2021-11-13 09:21:16,054","container":"19563677d0c1","level":"INFO","thread":"qtp2010466881-45","logger":"c.q.t.api.common.UpCheckResource","message":"Enter Request : GET : /upcheck","throwable":""}
{"timestamp":"2021-11-13 09:21:16,067","container":"19563677d0c1","level":"INFO","thread":"qtp2010466881-45","logger":"c.q.t.api.common.UpCheckResource","message":"GET upcheck","throwable":""}
{"timestamp":"2021-11-13 09:21:16,081","container":"19563677d0c1","level":"INFO","thread":"qtp2010466881-45","logger":"c.q.t.api.common.UpCheckResource","message":"Exit Request : GET : /upcheck","throwable":""}
{"timestamp":"2021-11-13 09:21:16,087","container":"19563677d0c1","level":"INFO","thread":"qtp2010466881-45","logger":"c.q.t.api.common.UpCheckResource","message":"Response for upcheck : 200 OK","throwable":""}
{"timestamp":"2021-11-13 09:21:17,434","container":"19563677d0c1","level":"INFO","thread":"pool-4-thread-1","logger":"c.q.t.p.p.PartyInfoBroadcaster","message":"Started PartyInfo polling round","throwable":""}
{"timestamp":"2021-11-13 09:21:17,440","container":"19563677d0c1","level":"INFO","thread":"pool-4-thread-1","logger":"c.q.t.p.p.PartyInfoBroadcaster","message":"Finished PartyInfo polling round","throwable":""}
{"timestamp":"2021-11-13 09:21:19,323","container":"19563677d0c1","level":"INFO","thread":"qtp2010466881-42","logger":"c.q.t.api.common.UpCheckResource","message":"Enter Request : GET : /upcheck","throwable":""}
{"timestamp":"2021-11-13 09:21:19,324","container":"19563677d0c1","level":"INFO","thread":"qtp2010466881-42","logger":"c.q.t.api.common.UpCheckResource","message":"GET upcheck","throwable":""}
{"timestamp":"2021-11-13 09:21:19,326","container":"19563677d0c1","level":"INFO","thread":"qtp2010466881-42","logger":"c.q.t.api.common.UpCheckResource","message":"Exit Request : GET : /upcheck","throwable":""}
{"timestamp":"2021-11-13 09:21:19,327","container":"19563677d0c1","level":"INFO","thread":"qtp2010466881-42","logger":"c.q.t.api.common.UpCheckResource","message":"Response for upcheck : 200 OK","throwable":""}
{"timestamp":"2021-11-13 09:21:22,426","container":"19563677d0c1","level":"INFO","thread":"qtp2010466881-44","logger":"c.q.t.api.common.UpCheckResource","message":"Enter Request : GET : /upcheck","throwable":""}
{"timestamp":"2021-11-13 09:21:22,427","container":"19563677d0c1","level":"INFO","thread":"qtp2010466881-44","logger":"c.q.t.api.common.UpCheckResource","message":"GET upcheck","throwable":""}
{"timestamp":"2021-11-13 09:21:22,428","container":"19563677d0c1","level":"INFO","thread":"qtp2010466881-44","logger":"c.q.t.api.common.UpCheckResource","message":"Exit Request : GET : /upcheck","throwable":""}
{"timestamp":"2021-11-13 09:21:22,429","container":"19563677d0c1","level":"INFO","thread":"qtp2010466881-44","logger":"c.q.t.api.common.UpCheckResource","message":"Response for upcheck : 200 OK","throwable":""}
{"timestamp":"2021-11-13 09:21:22,450","container":"19563677d0c1","level":"INFO","thread":"pool-4-thread-1","logger":"c.q.t.p.p.PartyInfoBroadcaster","message":"Started PartyInfo polling round","throwable":""}
{"timestamp":"2021-11-13 09:21:22,453","container":"19563677d0c1","level":"INFO","thread":"pool-4-thread-1","logger":"c.q.t.p.p.PartyInfoBroadcaster","message":"Finished PartyInfo polling round","throwable":""}
{"timestamp":"2021-11-13 09:21:25,530","container":"19563677d0c1","level":"INFO","thread":"qtp2010466881-42","logger":"c.q.t.api.common.UpCheckResource","message":"Enter Request : GET : /upcheck","throwable":""}
{"timestamp":"2021-11-13 09:21:25,532","container":"19563677d0c1","level":"INFO","thread":"qtp2010466881-42","logger":"c.q.t.api.common.UpCheckResource","message":"GET upcheck","throwable":""}
{"timestamp":"2021-11-13 09:21:25,534","container":"19563677d0c1","level":"INFO","thread":"qtp2010466881-42","logger":"c.q.t.api.common.UpCheckResource","message":"Exit Request : GET : /upcheck","throwable":""}
{"timestamp":"2021-11-13 09:21:25,535","container":"19563677d0c1","level":"INFO","thread":"qtp2010466881-42","logger":"c.q.t.api.common.UpCheckResource","message":"Response for upcheck : 200 OK","throwable":""}
