WARNING: Unknown module: spring.core specified to --add-exports
{"timestamp":"2021-11-13 09:21:01,240","container":"3f5f510022a1","level":"INFO","thread":"main","logger":"c.q.t.enclave.EnclaveFactoryImpl","message":"Creating enclave","throwable":""}
{"timestamp":"2021-11-13 09:21:01,248","container":"3f5f510022a1","level":"INFO","thread":"main","logger":"c.q.t.enclave.EnclaveFactoryImpl","message":"Creating enclave server","throwable":""}
{"timestamp":"2021-11-13 09:21:01,530","container":"3f5f510022a1","level":"WARN","thread":"main","logger":"c.q.t.c.util.EncryptedStringResolver","message":"Some sensitive values are being given as unencrypted plain text in config. Please note this is NOT recommended for production environment.","throwable":""}
{"timestamp":"2021-11-13 09:21:01,536","container":"3f5f510022a1","level":"INFO","thread":"main","logger":"com.zaxxer.hikari.HikariDataSource","message":"HikariPool-1 - Starting...","throwable":""}
{"timestamp":"2021-11-13 09:21:02,317","container":"3f5f510022a1","level":"INFO","thread":"main","logger":"com.zaxxer.hikari.HikariDataSource","message":"HikariPool-1 - Start completed.","throwable":""}
{"timestamp":"2021-11-13 09:21:03,102","container":"3f5f510022a1","level":"INFO","thread":"main","logger":"eclipselink.logging.all","message":"EclipseLink, version: Eclipse Persistence Services - 3.0.2.v202107160933","throwable":""}
{"timestamp":"2021-11-13 09:21:03,850","container":"3f5f510022a1","level":"INFO","thread":"main","logger":"eclipselink.logging.all","message":"EclipseLink, version: Eclipse Persistence Services - 3.0.2.v202107160933","throwable":""}
{"timestamp":"2021-11-13 09:21:04,775","container":"3f5f510022a1","level":"INFO","thread":"main","logger":"c.q.t.l.ScheduledServiceFactory","message":"Creating p2p client","throwable":""}
{"timestamp":"2021-11-13 09:21:04,817","container":"3f5f510022a1","level":"INFO","thread":"main","logger":"c.q.t.l.ScheduledServiceFactory","message":"Created p2p client com.quorum.tessera.p2p.partyinfo.RestP2pClient@4dc52559","throwable":""}
{"timestamp":"2021-11-13 09:21:04,831","container":"3f5f510022a1","level":"INFO","thread":"main","logger":"c.q.t.l.ScheduledServiceFactory","message":"Creating EnclaveKeySynchroniser","throwable":""}
{"timestamp":"2021-11-13 09:21:04,840","container":"3f5f510022a1","level":"INFO","thread":"main","logger":"c.q.t.l.ScheduledServiceFactory","message":"Created EnclaveKeySynchroniser com.quorum.tessera.discovery.internal.EnclaveKeySynchroniserImpl@7e61e25c","throwable":""}
{"timestamp":"2021-11-13 09:21:04,895","container":"3f5f510022a1","level":"INFO","thread":"main","logger":"c.q.t.l.ScheduledServiceFactory","message":"Creating PartyInfoBroadcaster","throwable":""}
{"timestamp":"2021-11-13 09:21:04,908","container":"3f5f510022a1","level":"INFO","thread":"main","logger":"c.q.t.l.ScheduledServiceFactory","message":"Created PartyInfoBroadcaster com.quorum.tessera.p2p.partyinfo.PartyInfoBroadcaster@50598a1a","throwable":""}
{"timestamp":"2021-11-13 09:21:04,914","container":"3f5f510022a1","level":"INFO","thread":"main","logger":"c.q.t.t.TesseraScheduledExecutor","message":"Starting ScheduledServiceFactory$$Lambda$241/0x0000000100558840","throwable":""}
{"timestamp":"2021-11-13 09:21:04,922","container":"3f5f510022a1","level":"INFO","thread":"main","logger":"c.q.t.t.TesseraScheduledExecutor","message":"Started ScheduledServiceFactory$$Lambda$241/0x0000000100558840","throwable":""}
{"timestamp":"2021-11-13 09:21:04,928","container":"3f5f510022a1","level":"INFO","thread":"main","logger":"c.q.t.t.TesseraScheduledExecutor","message":"Starting PartyInfoBroadcaster","throwable":""}
{"timestamp":"2021-11-13 09:21:04,934","container":"3f5f510022a1","level":"INFO","thread":"main","logger":"c.q.t.t.TesseraScheduledExecutor","message":"Started PartyInfoBroadcaster","throwable":""}
{"timestamp":"2021-11-13 09:21:04,937","container":"3f5f510022a1","level":"INFO","thread":"main","logger":"c.q.t.l.ScheduledServiceFactory","message":"Creating Enclave","throwable":""}
{"timestamp":"2021-11-13 09:21:04,941","container":"3f5f510022a1","level":"INFO","thread":"main","logger":"c.q.t.l.ScheduledServiceFactory","message":"Created Enclave com.quorum.tessera.enclave.EnclaveImpl@5c8d58ed","throwable":""}
{"timestamp":"2021-11-13 09:21:04,951","container":"3f5f510022a1","level":"INFO","thread":"main","logger":"c.q.t.l.ScheduledServiceFactory","message":"Starting Enclave","throwable":""}
{"timestamp":"2021-11-13 09:21:04,956","container":"3f5f510022a1","level":"INFO","thread":"main","logger":"c.q.t.l.ScheduledServiceFactory","message":"Started Enclave","throwable":""}
{"timestamp":"2021-11-13 09:21:05,908","container":"3f5f510022a1","level":"INFO","thread":"main","logger":"c.q.t.server.jersey.JerseyServer","message":"Starting http://172.16.239.26:9080","throwable":""}
{"timestamp":"2021-11-13 09:21:05,915","container":"3f5f510022a1","level":"INFO","thread":"main","logger":"org.eclipse.jetty.server.Server","message":"jetty-11.0.6; built: 2021-06-29T16:16:33.537Z; git: 69469432898becda3aed32a32d4b0adbb7b6daee; jvm 11.0.12+7","throwable":""}
{"timestamp":"2021-11-13 09:21:07,995","container":"3f5f510022a1","level":"WARN","thread":"main","logger":"o.g.jersey.internal.inject.Providers","message":"A provider com.quorum.tessera.api.common.RawTransactionResource registered in SERVER runtime does not implement any provider interfaces applicable in the SERVER runtime. Due to constraint configuration problems the provider com.quorum.tessera.api.common.RawTransactionResource will be ignored. ","throwable":""}
{"timestamp":"2021-11-13 09:21:08,002","container":"3f5f510022a1","level":"WARN","thread":"main","logger":"o.g.jersey.internal.inject.Providers","message":"A provider com.quorum.tessera.api.common.UpCheckResource registered in SERVER runtime does not implement any provider interfaces applicable in the SERVER runtime. Due to constraint configuration problems the provider com.quorum.tessera.api.common.UpCheckResource will be ignored. ","throwable":""}
{"timestamp":"2021-11-13 09:21:08,003","container":"3f5f510022a1","level":"WARN","thread":"main","logger":"o.g.jersey.internal.inject.Providers","message":"A provider com.quorum.tessera.thirdparty.PartyInfoResource registered in SERVER runtime does not implement any provider interfaces applicable in the SERVER runtime. Due to constraint configuration problems the provider com.quorum.tessera.thirdparty.PartyInfoResource will be ignored. ","throwable":""}
{"timestamp":"2021-11-13 09:21:08,003","container":"3f5f510022a1","level":"WARN","thread":"main","logger":"o.g.jersey.internal.inject.Providers","message":"A provider com.quorum.tessera.thirdparty.KeyResource registered in SERVER runtime does not implement any provider interfaces applicable in the SERVER runtime. Due to constraint configuration problems the provider com.quorum.tessera.thirdparty.KeyResource will be ignored. ","throwable":""}
{"timestamp":"2021-11-13 09:21:08,339","container":"3f5f510022a1","level":"INFO","thread":"main","logger":"o.e.j.server.handler.ContextHandler","message":"Started o.e.j.s.ServletContextHandler@218f2f51{/,null,AVAILABLE}","throwable":""}
{"timestamp":"2021-11-13 09:21:08,418","container":"3f5f510022a1","level":"INFO","thread":"main","logger":"o.e.jetty.server.AbstractConnector","message":"Started ServerConnector@2f09e6b2{HTTP/1.1, (http/1.1)}{0.0.0.0:9080}","throwable":""}
{"timestamp":"2021-11-13 09:21:08,498","container":"3f5f510022a1","level":"INFO","thread":"main","logger":"org.eclipse.jetty.server.Server","message":"Started Server@3a3883c4{STARTING}[11.0.6,sto=0] @30446ms","throwable":""}
{"timestamp":"2021-11-13 09:21:08,500","container":"3f5f510022a1","level":"INFO","thread":"main","logger":"c.q.t.server.jersey.JerseyServer","message":"Started http://172.16.239.26:9080","throwable":""}
{"timestamp":"2021-11-13 09:21:08,502","container":"3f5f510022a1","level":"INFO","thread":"main","logger":"c.q.t.server.jersey.JerseyServer","message":"WADL http://172.16.239.26:9080/application.wadl","throwable":""}
{"timestamp":"2021-11-13 09:21:08,510","container":"3f5f510022a1","level":"INFO","thread":"main","logger":"c.q.t.server.jersey.JerseyServer","message":"Starting http://172.16.239.26:9101","throwable":""}
{"timestamp":"2021-11-13 09:21:08,514","container":"3f5f510022a1","level":"INFO","thread":"main","logger":"org.eclipse.jetty.server.Server","message":"jetty-11.0.6; built: 2021-06-29T16:16:33.537Z; git: 69469432898becda3aed32a32d4b0adbb7b6daee; jvm 11.0.12+7","throwable":""}
{"timestamp":"2021-11-13 09:21:09,218","container":"3f5f510022a1","level":"WARN","thread":"main","logger":"o.g.jersey.internal.inject.Providers","message":"A provider com.quorum.tessera.api.common.UpCheckResource registered in SERVER runtime does not implement any provider interfaces applicable in the SERVER runtime. Due to constraint configuration problems the provider com.quorum.tessera.api.common.UpCheckResource will be ignored. ","throwable":""}
{"timestamp":"2021-11-13 09:21:09,219","container":"3f5f510022a1","level":"WARN","thread":"main","logger":"o.g.jersey.internal.inject.Providers","message":"A provider com.quorum.tessera.q2t.TransactionResource4 registered in SERVER runtime does not implement any provider interfaces applicable in the SERVER runtime. Due to constraint configuration problems the provider com.quorum.tessera.q2t.TransactionResource4 will be ignored. ","throwable":""}
{"timestamp":"2021-11-13 09:21:09,221","container":"3f5f510022a1","level":"WARN","thread":"main","logger":"o.g.jersey.internal.inject.Providers","message":"A provider com.quorum.tessera.q2t.EncodedPayloadResource registered in SERVER runtime does not implement any provider interfaces applicable in the SERVER runtime. Due to constraint configuration problems the provider com.quorum.tessera.q2t.EncodedPayloadResource will be ignored. ","throwable":""}
{"timestamp":"2021-11-13 09:21:09,224","container":"3f5f510022a1","level":"WARN","thread":"main","logger":"o.g.jersey.internal.inject.Providers","message":"A provider com.quorum.tessera.q2t.TransactionResource3 registered in SERVER runtime does not implement any provider interfaces applicable in the SERVER runtime. Due to constraint configuration problems the provider com.quorum.tessera.q2t.TransactionResource3 will be ignored. ","throwable":""}
{"timestamp":"2021-11-13 09:21:09,225","container":"3f5f510022a1","level":"WARN","thread":"main","logger":"o.g.jersey.internal.inject.Providers","message":"A provider com.quorum.tessera.api.common.RawTransactionResource registered in SERVER runtime does not implement any provider interfaces applicable in the SERVER runtime. Due to constraint configuration problems the provider com.quorum.tessera.api.common.RawTransactionResource will be ignored. ","throwable":""}
{"timestamp":"2021-11-13 09:21:09,225","container":"3f5f510022a1","level":"WARN","thread":"main","logger":"o.g.jersey.internal.inject.Providers","message":"A provider com.quorum.tessera.q2t.PrivacyGroupResource registered in SERVER runtime does not implement any provider interfaces applicable in the SERVER runtime. Due to constraint configuration problems the provider com.quorum.tessera.q2t.PrivacyGroupResource will be ignored. ","throwable":""}
{"timestamp":"2021-11-13 09:21:09,226","container":"3f5f510022a1","level":"WARN","thread":"main","logger":"o.g.jersey.internal.inject.Providers","message":"A provider com.quorum.tessera.q2t.TransactionResource registered in SERVER runtime does not implement any provider interfaces applicable in the SERVER runtime. Due to constraint configuration problems the provider com.quorum.tessera.q2t.TransactionResource will be ignored. ","throwable":""}
{"timestamp":"2021-11-13 09:21:09,441","container":"3f5f510022a1","level":"INFO","thread":"main","logger":"o.e.j.server.handler.ContextHandler","message":"Started o.e.j.s.ServletContextHandler@549d14fe{/,null,AVAILABLE}","throwable":""}
{"timestamp":"2021-11-13 09:21:09,452","container":"3f5f510022a1","level":"INFO","thread":"main","logger":"o.e.jetty.server.AbstractConnector","message":"Started ServerConnector@6106dfb6{HTTP/1.1, (http/1.1)}{0.0.0.0:9101}","throwable":""}
{"timestamp":"2021-11-13 09:21:09,453","container":"3f5f510022a1","level":"INFO","thread":"main","logger":"org.eclipse.jetty.server.Server","message":"Started Server@7c206b14{STARTING}[11.0.6,sto=0] @31400ms","throwable":""}
{"timestamp":"2021-11-13 09:21:09,458","container":"3f5f510022a1","level":"INFO","thread":"main","logger":"c.q.t.server.jersey.JerseyServer","message":"Started http://172.16.239.26:9101","throwable":""}
{"timestamp":"2021-11-13 09:21:09,459","container":"3f5f510022a1","level":"INFO","thread":"main","logger":"c.q.t.server.jersey.JerseyServer","message":"WADL http://172.16.239.26:9101/application.wadl","throwable":""}
{"timestamp":"2021-11-13 09:21:09,460","container":"3f5f510022a1","level":"INFO","thread":"main","logger":"c.q.t.server.jersey.JerseyServer","message":"Starting http://172.16.239.26:9000","throwable":""}
{"timestamp":"2021-11-13 09:21:09,461","container":"3f5f510022a1","level":"INFO","thread":"main","logger":"org.eclipse.jetty.server.Server","message":"jetty-11.0.6; built: 2021-06-29T16:16:33.537Z; git: 69469432898becda3aed32a32d4b0adbb7b6daee; jvm 11.0.12+7","throwable":""}
{"timestamp":"2021-11-13 09:21:09,779","container":"3f5f510022a1","level":"WARN","thread":"main","logger":"o.g.jersey.internal.inject.Providers","message":"A provider com.quorum.tessera.p2p.TransactionResource registered in SERVER runtime does not implement any provider interfaces applicable in the SERVER runtime. Due to constraint configuration problems the provider com.quorum.tessera.p2p.TransactionResource will be ignored. ","throwable":""}
{"timestamp":"2021-11-13 09:21:09,780","container":"3f5f510022a1","level":"WARN","thread":"main","logger":"o.g.jersey.internal.inject.Providers","message":"A provider com.quorum.tessera.p2p.PartyInfoResource registered in SERVER runtime does not implement any provider interfaces applicable in the SERVER runtime. Due to constraint configuration problems the provider com.quorum.tessera.p2p.PartyInfoResource will be ignored. ","throwable":""}
{"timestamp":"2021-11-13 09:21:09,780","container":"3f5f510022a1","level":"WARN","thread":"main","logger":"o.g.jersey.internal.inject.Providers","message":"A provider com.quorum.tessera.api.common.UpCheckResource registered in SERVER runtime does not implement any provider interfaces applicable in the SERVER runtime. Due to constraint configuration problems the provider com.quorum.tessera.api.common.UpCheckResource will be ignored. ","throwable":""}
{"timestamp":"2021-11-13 09:21:09,781","container":"3f5f510022a1","level":"WARN","thread":"main","logger":"o.g.jersey.internal.inject.Providers","message":"A provider com.quorum.tessera.p2p.PrivacyGroupResource registered in SERVER runtime does not implement any provider interfaces applicable in the SERVER runtime. Due to constraint configuration problems the provider com.quorum.tessera.p2p.PrivacyGroupResource will be ignored. ","throwable":""}
{"timestamp":"2021-11-13 09:21:09,882","container":"3f5f510022a1","level":"INFO","thread":"main","logger":"o.e.j.server.handler.ContextHandler","message":"Started o.e.j.s.ServletContextHandler@5da3f32a{/,null,AVAILABLE}","throwable":""}
{"timestamp":"2021-11-13 09:21:09,896","container":"3f5f510022a1","level":"INFO","thread":"main","logger":"o.e.jetty.server.AbstractConnector","message":"Started ServerConnector@12421766{HTTP/1.1, (http/1.1)}{0.0.0.0:9000}","throwable":""}
{"timestamp":"2021-11-13 09:21:09,898","container":"3f5f510022a1","level":"INFO","thread":"main","logger":"org.eclipse.jetty.server.Server","message":"Started Server@213ceb4e{STARTING}[11.0.6,sto=0] @31845ms","throwable":""}
{"timestamp":"2021-11-13 09:21:09,899","container":"3f5f510022a1","level":"INFO","thread":"main","logger":"c.q.t.server.jersey.JerseyServer","message":"Started http://172.16.239.26:9000","throwable":""}
{"timestamp":"2021-11-13 09:21:09,899","container":"3f5f510022a1","level":"INFO","thread":"main","logger":"c.q.t.server.jersey.JerseyServer","message":"WADL http://172.16.239.26:9000/application.wadl","throwable":""}
{"timestamp":"2021-11-13 09:21:09,955","container":"3f5f510022a1","level":"INFO","thread":"pool-4-thread-1","logger":"c.q.t.p.p.PartyInfoBroadcaster","message":"Started PartyInfo polling round","throwable":""}
{"timestamp":"2021-11-13 09:21:10,224","container":"3f5f510022a1","level":"INFO","thread":"pool-4-thread-1","logger":"c.q.t.p.p.PartyInfoBroadcaster","message":"Finished PartyInfo polling round","throwable":""}
{"timestamp":"2021-11-13 09:21:10,443","container":"3f5f510022a1","level":"INFO","thread":"qtp1090678364-40","logger":"c.q.t.api.common.UpCheckResource","message":"Enter Request : GET : /upcheck","throwable":""}
{"timestamp":"2021-11-13 09:21:10,444","container":"3f5f510022a1","level":"INFO","thread":"qtp1090678364-45","logger":"c.q.t.api.common.UpCheckResource","message":"Enter Request : GET : /upcheck","throwable":""}
{"timestamp":"2021-11-13 09:21:10,518","container":"3f5f510022a1","level":"INFO","thread":"qtp1090678364-40","logger":"c.q.t.api.common.UpCheckResource","message":"GET upcheck","throwable":""}
{"timestamp":"2021-11-13 09:21:10,519","container":"3f5f510022a1","level":"INFO","thread":"qtp1090678364-45","logger":"c.q.t.api.common.UpCheckResource","message":"GET upcheck","throwable":""}
{"timestamp":"2021-11-13 09:21:10,529","container":"3f5f510022a1","level":"INFO","thread":"qtp1090678364-45","logger":"c.q.t.api.common.UpCheckResource","message":"Exit Request : GET : /upcheck","throwable":""}
{"timestamp":"2021-11-13 09:21:10,532","container":"3f5f510022a1","level":"INFO","thread":"qtp1090678364-45","logger":"c.q.t.api.common.UpCheckResource","message":"Response for upcheck : 200 OK","throwable":""}
{"timestamp":"2021-11-13 09:21:10,529","container":"3f5f510022a1","level":"INFO","thread":"qtp1090678364-40","logger":"c.q.t.api.common.UpCheckResource","message":"Exit Request : GET : /upcheck","throwable":""}
{"timestamp":"2021-11-13 09:21:10,549","container":"3f5f510022a1","level":"INFO","thread":"qtp1090678364-40","logger":"c.q.t.api.common.UpCheckResource","message":"Response for upcheck : 200 OK","throwable":""}
{"timestamp":"2021-11-13 09:21:11,199","container":"3f5f510022a1","level":"INFO","thread":"qtp1899064535-33","logger":"c.q.t.api.common.UpCheckResource","message":"Enter Request : GET : /upcheck","throwable":""}
{"timestamp":"2021-11-13 09:21:11,209","container":"3f5f510022a1","level":"INFO","thread":"qtp1899064535-33","logger":"c.q.t.api.common.UpCheckResource","message":"GET upcheck","throwable":""}
{"timestamp":"2021-11-13 09:21:11,211","container":"3f5f510022a1","level":"INFO","thread":"qtp1899064535-33","logger":"c.q.t.api.common.UpCheckResource","message":"Exit Request : GET : /upcheck","throwable":""}
{"timestamp":"2021-11-13 09:21:11,216","container":"3f5f510022a1","level":"INFO","thread":"qtp1899064535-33","logger":"c.q.t.api.common.UpCheckResource","message":"Response for upcheck : 200 OK","throwable":""}
{"timestamp":"2021-11-13 09:21:11,252","container":"3f5f510022a1","level":"WARN","thread":"pool-3-thread-1","logger":"c.q.t.p.p.PartyInfoBroadcaster","message":"Failed to connect to node http://member3tessera:9000/, due to java.net.ConnectException: Connection refused (Connection refused)","throwable":""}
{"timestamp":"2021-11-13 09:21:11,263","container":"3f5f510022a1","level":"INFO","thread":"qtp1899064535-29","logger":"c.q.t.api.common.VersionResource","message":"Enter Request : GET : /version","throwable":""}
{"timestamp":"2021-11-13 09:21:11,272","container":"3f5f510022a1","level":"INFO","thread":"qtp1899064535-29","logger":"c.q.t.api.common.VersionResource","message":"Exit Request : GET : /version","throwable":""}
{"timestamp":"2021-11-13 09:21:11,273","container":"3f5f510022a1","level":"INFO","thread":"qtp1899064535-29","logger":"c.q.t.api.common.VersionResource","message":"Response for version : 200 OK","throwable":""}
{"timestamp":"2021-11-13 09:21:11,275","container":"3f5f510022a1","level":"INFO","thread":"qtp1899064535-29","logger":"c.q.t.api.common.VersionResource","message":"Enter Request : GET : /version/api","throwable":""}
{"timestamp":"2021-11-13 09:21:11,294","container":"3f5f510022a1","level":"INFO","thread":"qtp1899064535-29","logger":"c.q.t.api.common.VersionResource","message":"Exit Request : GET : /version/api","throwable":""}
{"timestamp":"2021-11-13 09:21:11,299","container":"3f5f510022a1","level":"INFO","thread":"qtp1899064535-29","logger":"c.q.t.api.common.VersionResource","message":"Response for version/api : 200 OK","throwable":""}
{"timestamp":"2021-11-13 09:21:11,318","container":"3f5f510022a1","level":"INFO","thread":"qtp1899064535-30","logger":"c.q.t.api.common.UpCheckResource","message":"Enter Request : GET : /upcheck","throwable":""}
{"timestamp":"2021-11-13 09:21:11,335","container":"3f5f510022a1","level":"INFO","thread":"qtp1899064535-30","logger":"c.q.t.api.common.UpCheckResource","message":"GET upcheck","throwable":""}
{"timestamp":"2021-11-13 09:21:11,341","container":"3f5f510022a1","level":"INFO","thread":"qtp1899064535-30","logger":"c.q.t.api.common.UpCheckResource","message":"Exit Request : GET : /upcheck","throwable":""}
{"timestamp":"2021-11-13 09:21:11,346","container":"3f5f510022a1","level":"INFO","thread":"qtp1899064535-30","logger":"c.q.t.api.common.UpCheckResource","message":"Response for upcheck : 200 OK","throwable":""}
{"timestamp":"2021-11-13 09:21:11,353","container":"3f5f510022a1","level":"INFO","thread":"qtp1899064535-34","logger":"c.q.t.api.common.VersionResource","message":"Enter Request : GET : /version","throwable":""}
{"timestamp":"2021-11-13 09:21:11,366","container":"3f5f510022a1","level":"INFO","thread":"qtp1899064535-34","logger":"c.q.t.api.common.VersionResource","message":"Exit Request : GET : /version","throwable":""}
{"timestamp":"2021-11-13 09:21:11,374","container":"3f5f510022a1","level":"INFO","thread":"qtp1899064535-34","logger":"c.q.t.api.common.VersionResource","message":"Response for version : 200 OK","throwable":""}
{"timestamp":"2021-11-13 09:21:11,388","container":"3f5f510022a1","level":"INFO","thread":"qtp1899064535-34","logger":"c.q.t.api.common.VersionResource","message":"Enter Request : GET : /version/api","throwable":""}
{"timestamp":"2021-11-13 09:21:11,400","container":"3f5f510022a1","level":"INFO","thread":"qtp1899064535-34","logger":"c.q.t.api.common.VersionResource","message":"Exit Request : GET : /version/api","throwable":""}
{"timestamp":"2021-11-13 09:21:11,401","container":"3f5f510022a1","level":"INFO","thread":"qtp1899064535-34","logger":"c.q.t.api.common.VersionResource","message":"Response for version/api : 200 OK","throwable":""}
{"timestamp":"2021-11-13 09:21:14,404","container":"3f5f510022a1","level":"INFO","thread":"qtp1090678364-38","logger":"c.q.t.api.common.UpCheckResource","message":"Enter Request : GET : /upcheck","throwable":""}
{"timestamp":"2021-11-13 09:21:14,434","container":"3f5f510022a1","level":"INFO","thread":"qtp1090678364-38","logger":"c.q.t.api.common.UpCheckResource","message":"GET upcheck","throwable":""}
{"timestamp":"2021-11-13 09:21:14,446","container":"3f5f510022a1","level":"INFO","thread":"qtp1090678364-38","logger":"c.q.t.api.common.UpCheckResource","message":"Exit Request : GET : /upcheck","throwable":""}
{"timestamp":"2021-11-13 09:21:14,454","container":"3f5f510022a1","level":"INFO","thread":"qtp1090678364-38","logger":"c.q.t.api.common.UpCheckResource","message":"Response for upcheck : 200 OK","throwable":""}
{"timestamp":"2021-11-13 09:21:15,242","container":"3f5f510022a1","level":"INFO","thread":"pool-4-thread-1","logger":"c.q.t.p.p.PartyInfoBroadcaster","message":"Started PartyInfo polling round","throwable":""}
{"timestamp":"2021-11-13 09:21:15,333","container":"3f5f510022a1","level":"INFO","thread":"pool-4-thread-1","logger":"c.q.t.p.p.PartyInfoBroadcaster","message":"Finished PartyInfo polling round","throwable":""}
{"timestamp":"2021-11-13 09:21:17,561","container":"3f5f510022a1","level":"INFO","thread":"qtp1090678364-43","logger":"c.q.t.api.common.UpCheckResource","message":"Enter Request : GET : /upcheck","throwable":""}
{"timestamp":"2021-11-13 09:21:17,562","container":"3f5f510022a1","level":"INFO","thread":"qtp1090678364-43","logger":"c.q.t.api.common.UpCheckResource","message":"GET upcheck","throwable":""}
{"timestamp":"2021-11-13 09:21:17,564","container":"3f5f510022a1","level":"INFO","thread":"qtp1090678364-43","logger":"c.q.t.api.common.UpCheckResource","message":"Exit Request : GET : /upcheck","throwable":""}
{"timestamp":"2021-11-13 09:21:17,565","container":"3f5f510022a1","level":"INFO","thread":"qtp1090678364-43","logger":"c.q.t.api.common.UpCheckResource","message":"Response for upcheck : 200 OK","throwable":""}
{"timestamp":"2021-11-13 09:21:20,343","container":"3f5f510022a1","level":"INFO","thread":"pool-4-thread-1","logger":"c.q.t.p.p.PartyInfoBroadcaster","message":"Started PartyInfo polling round","throwable":""}
{"timestamp":"2021-11-13 09:21:20,348","container":"3f5f510022a1","level":"INFO","thread":"pool-4-thread-1","logger":"c.q.t.p.p.PartyInfoBroadcaster","message":"Finished PartyInfo polling round","throwable":""}
{"timestamp":"2021-11-13 09:21:20,657","container":"3f5f510022a1","level":"INFO","thread":"qtp1090678364-44","logger":"c.q.t.api.common.UpCheckResource","message":"Enter Request : GET : /upcheck","throwable":""}
{"timestamp":"2021-11-13 09:21:20,659","container":"3f5f510022a1","level":"INFO","thread":"qtp1090678364-44","logger":"c.q.t.api.common.UpCheckResource","message":"GET upcheck","throwable":""}
{"timestamp":"2021-11-13 09:21:20,660","container":"3f5f510022a1","level":"INFO","thread":"qtp1090678364-44","logger":"c.q.t.api.common.UpCheckResource","message":"Exit Request : GET : /upcheck","throwable":""}
{"timestamp":"2021-11-13 09:21:20,661","container":"3f5f510022a1","level":"INFO","thread":"qtp1090678364-44","logger":"c.q.t.api.common.UpCheckResource","message":"Response for upcheck : 200 OK","throwable":""}
{"timestamp":"2021-11-13 09:21:23,758","container":"3f5f510022a1","level":"INFO","thread":"qtp1090678364-38","logger":"c.q.t.api.common.UpCheckResource","message":"Enter Request : GET : /upcheck","throwable":""}
{"timestamp":"2021-11-13 09:21:23,759","container":"3f5f510022a1","level":"INFO","thread":"qtp1090678364-38","logger":"c.q.t.api.common.UpCheckResource","message":"GET upcheck","throwable":""}
{"timestamp":"2021-11-13 09:21:23,760","container":"3f5f510022a1","level":"INFO","thread":"qtp1090678364-38","logger":"c.q.t.api.common.UpCheckResource","message":"Exit Request : GET : /upcheck","throwable":""}
{"timestamp":"2021-11-13 09:21:23,761","container":"3f5f510022a1","level":"INFO","thread":"qtp1090678364-38","logger":"c.q.t.api.common.UpCheckResource","message":"Response for upcheck : 200 OK","throwable":""}
{"timestamp":"2021-11-13 09:21:25,354","container":"3f5f510022a1","level":"INFO","thread":"pool-4-thread-1","logger":"c.q.t.p.p.PartyInfoBroadcaster","message":"Started PartyInfo polling round","throwable":""}
{"timestamp":"2021-11-13 09:21:25,357","container":"3f5f510022a1","level":"INFO","thread":"pool-4-thread-1","logger":"c.q.t.p.p.PartyInfoBroadcaster","message":"Finished PartyInfo polling round","throwable":""}
