WARNING: Unknown module: spring.core specified to --add-exports
{"timestamp":"2021-11-13 09:21:01,331","container":"0679c92d0be4","level":"INFO","thread":"main","logger":"c.q.t.enclave.EnclaveFactoryImpl","message":"Creating enclave","throwable":""}
{"timestamp":"2021-11-13 09:21:01,348","container":"0679c92d0be4","level":"INFO","thread":"main","logger":"c.q.t.enclave.EnclaveFactoryImpl","message":"Creating enclave server","throwable":""}
{"timestamp":"2021-11-13 09:21:01,727","container":"0679c92d0be4","level":"WARN","thread":"main","logger":"c.q.t.c.util.EncryptedStringResolver","message":"Some sensitive values are being given as unencrypted plain text in config. Please note this is NOT recommended for production environment.","throwable":""}
{"timestamp":"2021-11-13 09:21:01,740","container":"0679c92d0be4","level":"INFO","thread":"main","logger":"com.zaxxer.hikari.HikariDataSource","message":"HikariPool-1 - Starting...","throwable":""}
{"timestamp":"2021-11-13 09:21:02,945","container":"0679c92d0be4","level":"INFO","thread":"main","logger":"com.zaxxer.hikari.HikariDataSource","message":"HikariPool-1 - Start completed.","throwable":""}
{"timestamp":"2021-11-13 09:21:03,844","container":"0679c92d0be4","level":"INFO","thread":"main","logger":"eclipselink.logging.all","message":"EclipseLink, version: Eclipse Persistence Services - 3.0.2.v202107160933","throwable":""}
{"timestamp":"2021-11-13 09:21:05,366","container":"0679c92d0be4","level":"INFO","thread":"main","logger":"eclipselink.logging.all","message":"EclipseLink, version: Eclipse Persistence Services - 3.0.2.v202107160933","throwable":""}
{"timestamp":"2021-11-13 09:21:05,873","container":"0679c92d0be4","level":"INFO","thread":"main","logger":"c.q.t.l.ScheduledServiceFactory","message":"Creating p2p client","throwable":""}
{"timestamp":"2021-11-13 09:21:05,883","container":"0679c92d0be4","level":"INFO","thread":"main","logger":"c.q.t.l.ScheduledServiceFactory","message":"Created p2p client com.quorum.tessera.p2p.partyinfo.RestP2pClient@76396509","throwable":""}
{"timestamp":"2021-11-13 09:21:05,887","container":"0679c92d0be4","level":"INFO","thread":"main","logger":"c.q.t.l.ScheduledServiceFactory","message":"Creating EnclaveKeySynchroniser","throwable":""}
{"timestamp":"2021-11-13 09:21:05,896","container":"0679c92d0be4","level":"INFO","thread":"main","logger":"c.q.t.l.ScheduledServiceFactory","message":"Created EnclaveKeySynchroniser com.quorum.tessera.discovery.internal.EnclaveKeySynchroniserImpl@5438fa43","throwable":""}
{"timestamp":"2021-11-13 09:21:05,905","container":"0679c92d0be4","level":"INFO","thread":"main","logger":"c.q.t.l.ScheduledServiceFactory","message":"Creating PartyInfoBroadcaster","throwable":""}
{"timestamp":"2021-11-13 09:21:05,914","container":"0679c92d0be4","level":"INFO","thread":"main","logger":"c.q.t.l.ScheduledServiceFactory","message":"Created PartyInfoBroadcaster com.quorum.tessera.p2p.partyinfo.PartyInfoBroadcaster@1cd2ff5b","throwable":""}
{"timestamp":"2021-11-13 09:21:05,926","container":"0679c92d0be4","level":"INFO","thread":"main","logger":"c.q.t.t.TesseraScheduledExecutor","message":"Starting ScheduledServiceFactory$$Lambda$241/0x0000000100558840","throwable":""}
{"timestamp":"2021-11-13 09:21:05,932","container":"0679c92d0be4","level":"INFO","thread":"main","logger":"c.q.t.t.TesseraScheduledExecutor","message":"Started ScheduledServiceFactory$$Lambda$241/0x0000000100558840","throwable":""}
{"timestamp":"2021-11-13 09:21:05,934","container":"0679c92d0be4","level":"INFO","thread":"main","logger":"c.q.t.t.TesseraScheduledExecutor","message":"Starting PartyInfoBroadcaster","throwable":""}
{"timestamp":"2021-11-13 09:21:05,952","container":"0679c92d0be4","level":"INFO","thread":"main","logger":"c.q.t.t.TesseraScheduledExecutor","message":"Started PartyInfoBroadcaster","throwable":""}
{"timestamp":"2021-11-13 09:21:05,954","container":"0679c92d0be4","level":"INFO","thread":"main","logger":"c.q.t.l.ScheduledServiceFactory","message":"Creating Enclave","throwable":""}
{"timestamp":"2021-11-13 09:21:05,957","container":"0679c92d0be4","level":"INFO","thread":"main","logger":"c.q.t.l.ScheduledServiceFactory","message":"Created Enclave com.quorum.tessera.enclave.EnclaveImpl@14de1901","throwable":""}
{"timestamp":"2021-11-13 09:21:05,964","container":"0679c92d0be4","level":"INFO","thread":"main","logger":"c.q.t.l.ScheduledServiceFactory","message":"Starting Enclave","throwable":""}
{"timestamp":"2021-11-13 09:21:05,973","container":"0679c92d0be4","level":"INFO","thread":"main","logger":"c.q.t.l.ScheduledServiceFactory","message":"Started Enclave","throwable":""}
{"timestamp":"2021-11-13 09:21:06,415","container":"0679c92d0be4","level":"INFO","thread":"main","logger":"c.q.t.server.jersey.JerseyServer","message":"Starting http://172.16.239.27:9080","throwable":""}
{"timestamp":"2021-11-13 09:21:06,430","container":"0679c92d0be4","level":"INFO","thread":"main","logger":"org.eclipse.jetty.server.Server","message":"jetty-11.0.6; built: 2021-06-29T16:16:33.537Z; git: 69469432898becda3aed32a32d4b0adbb7b6daee; jvm 11.0.12+7","throwable":""}
{"timestamp":"2021-11-13 09:21:08,201","container":"0679c92d0be4","level":"WARN","thread":"main","logger":"o.g.jersey.internal.inject.Providers","message":"A provider com.quorum.tessera.api.common.UpCheckResource registered in SERVER runtime does not implement any provider interfaces applicable in the SERVER runtime. Due to constraint configuration problems the provider com.quorum.tessera.api.common.UpCheckResource will be ignored. ","throwable":""}
{"timestamp":"2021-11-13 09:21:08,202","container":"0679c92d0be4","level":"WARN","thread":"main","logger":"o.g.jersey.internal.inject.Providers","message":"A provider com.quorum.tessera.api.common.RawTransactionResource registered in SERVER runtime does not implement any provider interfaces applicable in the SERVER runtime. Due to constraint configuration problems the provider com.quorum.tessera.api.common.RawTransactionResource will be ignored. ","throwable":""}
{"timestamp":"2021-11-13 09:21:08,203","container":"0679c92d0be4","level":"WARN","thread":"main","logger":"o.g.jersey.internal.inject.Providers","message":"A provider com.quorum.tessera.thirdparty.KeyResource registered in SERVER runtime does not implement any provider interfaces applicable in the SERVER runtime. Due to constraint configuration problems the provider com.quorum.tessera.thirdparty.KeyResource will be ignored. ","throwable":""}
{"timestamp":"2021-11-13 09:21:08,204","container":"0679c92d0be4","level":"WARN","thread":"main","logger":"o.g.jersey.internal.inject.Providers","message":"A provider com.quorum.tessera.thirdparty.PartyInfoResource registered in SERVER runtime does not implement any provider interfaces applicable in the SERVER runtime. Due to constraint configuration problems the provider com.quorum.tessera.thirdparty.PartyInfoResource will be ignored. ","throwable":""}
{"timestamp":"2021-11-13 09:21:08,485","container":"0679c92d0be4","level":"INFO","thread":"main","logger":"o.e.j.server.handler.ContextHandler","message":"Started o.e.j.s.ServletContextHandler@1ff542a3{/,null,AVAILABLE}","throwable":""}
{"timestamp":"2021-11-13 09:21:08,524","container":"0679c92d0be4","level":"INFO","thread":"main","logger":"o.e.jetty.server.AbstractConnector","message":"Started ServerConnector@3711c71c{HTTP/1.1, (http/1.1)}{0.0.0.0:9080}","throwable":""}
{"timestamp":"2021-11-13 09:21:08,571","container":"0679c92d0be4","level":"INFO","thread":"main","logger":"org.eclipse.jetty.server.Server","message":"Started Server@27da994b{STARTING}[11.0.6,sto=0] @30669ms","throwable":""}
{"timestamp":"2021-11-13 09:21:08,578","container":"0679c92d0be4","level":"INFO","thread":"main","logger":"c.q.t.server.jersey.JerseyServer","message":"Started http://172.16.239.27:9080","throwable":""}
{"timestamp":"2021-11-13 09:21:08,579","container":"0679c92d0be4","level":"INFO","thread":"main","logger":"c.q.t.server.jersey.JerseyServer","message":"WADL http://172.16.239.27:9080/application.wadl","throwable":""}
{"timestamp":"2021-11-13 09:21:08,583","container":"0679c92d0be4","level":"INFO","thread":"main","logger":"c.q.t.server.jersey.JerseyServer","message":"Starting http://172.16.239.27:9101","throwable":""}
{"timestamp":"2021-11-13 09:21:08,586","container":"0679c92d0be4","level":"INFO","thread":"main","logger":"org.eclipse.jetty.server.Server","message":"jetty-11.0.6; built: 2021-06-29T16:16:33.537Z; git: 69469432898becda3aed32a32d4b0adbb7b6daee; jvm 11.0.12+7","throwable":""}
{"timestamp":"2021-11-13 09:21:09,282","container":"0679c92d0be4","level":"WARN","thread":"main","logger":"o.g.jersey.internal.inject.Providers","message":"A provider com.quorum.tessera.q2t.TransactionResource3 registered in SERVER runtime does not implement any provider interfaces applicable in the SERVER runtime. Due to constraint configuration problems the provider com.quorum.tessera.q2t.TransactionResource3 will be ignored. ","throwable":""}
{"timestamp":"2021-11-13 09:21:09,284","container":"0679c92d0be4","level":"WARN","thread":"main","logger":"o.g.jersey.internal.inject.Providers","message":"A provider com.quorum.tessera.api.common.UpCheckResource registered in SERVER runtime does not implement any provider interfaces applicable in the SERVER runtime. Due to constraint configuration problems the provider com.quorum.tessera.api.common.UpCheckResource will be ignored. ","throwable":""}
{"timestamp":"2021-11-13 09:21:09,285","container":"0679c92d0be4","level":"WARN","thread":"main","logger":"o.g.jersey.internal.inject.Providers","message":"A provider com.quorum.tessera.q2t.PrivacyGroupResource registered in SERVER runtime does not implement any provider interfaces applicable in the SERVER runtime. Due to constraint configuration problems the provider com.quorum.tessera.q2t.PrivacyGroupResource will be ignored. ","throwable":""}
{"timestamp":"2021-11-13 09:21:09,286","container":"0679c92d0be4","level":"WARN","thread":"main","logger":"o.g.jersey.internal.inject.Providers","message":"A provider com.quorum.tessera.q2t.TransactionResource4 registered in SERVER runtime does not implement any provider interfaces applicable in the SERVER runtime. Due to constraint configuration problems the provider com.quorum.tessera.q2t.TransactionResource4 will be ignored. ","throwable":""}
{"timestamp":"2021-11-13 09:21:09,288","container":"0679c92d0be4","level":"WARN","thread":"main","logger":"o.g.jersey.internal.inject.Providers","message":"A provider com.quorum.tessera.api.common.RawTransactionResource registered in SERVER runtime does not implement any provider interfaces applicable in the SERVER runtime. Due to constraint configuration problems the provider com.quorum.tessera.api.common.RawTransactionResource will be ignored. ","throwable":""}
{"timestamp":"2021-11-13 09:21:09,290","container":"0679c92d0be4","level":"WARN","thread":"main","logger":"o.g.jersey.internal.inject.Providers","message":"A provider com.quorum.tessera.q2t.TransactionResource registered in SERVER runtime does not implement any provider interfaces applicable in the SERVER runtime. Due to constraint configuration problems the provider com.quorum.tessera.q2t.TransactionResource will be ignored. ","throwable":""}
{"timestamp":"2021-11-13 09:21:09,292","container":"0679c92d0be4","level":"WARN","thread":"main","logger":"o.g.jersey.internal.inject.Providers","message":"A provider com.quorum.tessera.q2t.EncodedPayloadResource registered in SERVER runtime does not implement any provider interfaces applicable in the SERVER runtime. Due to constraint configuration problems the provider com.quorum.tessera.q2t.EncodedPayloadResource will be ignored. ","throwable":""}
{"timestamp":"2021-11-13 09:21:09,664","container":"0679c92d0be4","level":"INFO","thread":"main","logger":"o.e.j.server.handler.ContextHandler","message":"Started o.e.j.s.ServletContextHandler@23e9dd78{/,null,AVAILABLE}","throwable":""}
{"timestamp":"2021-11-13 09:21:09,672","container":"0679c92d0be4","level":"INFO","thread":"main","logger":"o.e.jetty.server.AbstractConnector","message":"Started ServerConnector@25589735{HTTP/1.1, (http/1.1)}{0.0.0.0:9101}","throwable":""}
{"timestamp":"2021-11-13 09:21:09,674","container":"0679c92d0be4","level":"INFO","thread":"main","logger":"org.eclipse.jetty.server.Server","message":"Started Server@1cdd31a4{STARTING}[11.0.6,sto=0] @31772ms","throwable":""}
{"timestamp":"2021-11-13 09:21:09,686","container":"0679c92d0be4","level":"INFO","thread":"main","logger":"c.q.t.server.jersey.JerseyServer","message":"Started http://172.16.239.27:9101","throwable":""}
{"timestamp":"2021-11-13 09:21:09,691","container":"0679c92d0be4","level":"INFO","thread":"main","logger":"c.q.t.server.jersey.JerseyServer","message":"WADL http://172.16.239.27:9101/application.wadl","throwable":""}
{"timestamp":"2021-11-13 09:21:09,695","container":"0679c92d0be4","level":"INFO","thread":"main","logger":"c.q.t.server.jersey.JerseyServer","message":"Starting http://172.16.239.27:9000","throwable":""}
{"timestamp":"2021-11-13 09:21:09,698","container":"0679c92d0be4","level":"INFO","thread":"main","logger":"org.eclipse.jetty.server.Server","message":"jetty-11.0.6; built: 2021-06-29T16:16:33.537Z; git: 69469432898becda3aed32a32d4b0adbb7b6daee; jvm 11.0.12+7","throwable":""}
{"timestamp":"2021-11-13 09:21:10,023","container":"0679c92d0be4","level":"WARN","thread":"main","logger":"o.g.jersey.internal.inject.Providers","message":"A provider com.quorum.tessera.p2p.PartyInfoResource registered in SERVER runtime does not implement any provider interfaces applicable in the SERVER runtime. Due to constraint configuration problems the provider com.quorum.tessera.p2p.PartyInfoResource will be ignored. ","throwable":""}
{"timestamp":"2021-11-13 09:21:10,027","container":"0679c92d0be4","level":"WARN","thread":"main","logger":"o.g.jersey.internal.inject.Providers","message":"A provider com.quorum.tessera.p2p.TransactionResource registered in SERVER runtime does not implement any provider interfaces applicable in the SERVER runtime. Due to constraint configuration problems the provider com.quorum.tessera.p2p.TransactionResource will be ignored. ","throwable":""}
{"timestamp":"2021-11-13 09:21:10,029","container":"0679c92d0be4","level":"WARN","thread":"main","logger":"o.g.jersey.internal.inject.Providers","message":"A provider com.quorum.tessera.p2p.PrivacyGroupResource registered in SERVER runtime does not implement any provider interfaces applicable in the SERVER runtime. Due to constraint configuration problems the provider com.quorum.tessera.p2p.PrivacyGroupResource will be ignored. ","throwable":""}
{"timestamp":"2021-11-13 09:21:10,034","container":"0679c92d0be4","level":"WARN","thread":"main","logger":"o.g.jersey.internal.inject.Providers","message":"A provider com.quorum.tessera.api.common.UpCheckResource registered in SERVER runtime does not implement any provider interfaces applicable in the SERVER runtime. Due to constraint configuration problems the provider com.quorum.tessera.api.common.UpCheckResource will be ignored. ","throwable":""}
{"timestamp":"2021-11-13 09:21:10,225","container":"0679c92d0be4","level":"INFO","thread":"main","logger":"o.e.j.server.handler.ContextHandler","message":"Started o.e.j.s.ServletContextHandler@3278d065{/,null,AVAILABLE}","throwable":""}
{"timestamp":"2021-11-13 09:21:10,235","container":"0679c92d0be4","level":"INFO","thread":"main","logger":"o.e.jetty.server.AbstractConnector","message":"Started ServerConnector@1e57b783{HTTP/1.1, (http/1.1)}{0.0.0.0:9000}","throwable":""}
{"timestamp":"2021-11-13 09:21:10,248","container":"0679c92d0be4","level":"INFO","thread":"main","logger":"org.eclipse.jetty.server.Server","message":"Started Server@549d14fe{STARTING}[11.0.6,sto=0] @32336ms","throwable":""}
{"timestamp":"2021-11-13 09:21:10,253","container":"0679c92d0be4","level":"INFO","thread":"main","logger":"c.q.t.server.jersey.JerseyServer","message":"Started http://172.16.239.27:9000","throwable":""}
{"timestamp":"2021-11-13 09:21:10,255","container":"0679c92d0be4","level":"INFO","thread":"main","logger":"c.q.t.server.jersey.JerseyServer","message":"WADL http://172.16.239.27:9000/application.wadl","throwable":""}
{"timestamp":"2021-11-13 09:21:10,690","container":"0679c92d0be4","level":"INFO","thread":"qtp104893413-42","logger":"c.q.t.api.common.UpCheckResource","message":"Enter Request : GET : /upcheck","throwable":""}
{"timestamp":"2021-11-13 09:21:10,726","container":"0679c92d0be4","level":"INFO","thread":"qtp104893413-42","logger":"c.q.t.api.common.UpCheckResource","message":"GET upcheck","throwable":""}
{"timestamp":"2021-11-13 09:21:10,732","container":"0679c92d0be4","level":"INFO","thread":"qtp104893413-42","logger":"c.q.t.api.common.UpCheckResource","message":"Exit Request : GET : /upcheck","throwable":""}
{"timestamp":"2021-11-13 09:21:10,741","container":"0679c92d0be4","level":"INFO","thread":"qtp104893413-42","logger":"c.q.t.api.common.UpCheckResource","message":"Response for upcheck : 200 OK","throwable":""}
{"timestamp":"2021-11-13 09:21:10,935","container":"0679c92d0be4","level":"INFO","thread":"pool-4-thread-1","logger":"c.q.t.p.p.PartyInfoBroadcaster","message":"Started PartyInfo polling round","throwable":""}
{"timestamp":"2021-11-13 09:21:11,136","container":"0679c92d0be4","level":"INFO","thread":"pool-4-thread-1","logger":"c.q.t.p.p.PartyInfoBroadcaster","message":"Finished PartyInfo polling round","throwable":""}
{"timestamp":"2021-11-13 09:21:11,489","container":"0679c92d0be4","level":"INFO","thread":"qtp330472244-35","logger":"c.q.t.api.common.UpCheckResource","message":"Enter Request : GET : /upcheck","throwable":""}
{"timestamp":"2021-11-13 09:21:11,496","container":"0679c92d0be4","level":"INFO","thread":"qtp330472244-35","logger":"c.q.t.api.common.UpCheckResource","message":"GET upcheck","throwable":""}
{"timestamp":"2021-11-13 09:21:11,500","container":"0679c92d0be4","level":"INFO","thread":"qtp330472244-35","logger":"c.q.t.api.common.UpCheckResource","message":"Exit Request : GET : /upcheck","throwable":""}
{"timestamp":"2021-11-13 09:21:11,501","container":"0679c92d0be4","level":"INFO","thread":"qtp330472244-35","logger":"c.q.t.api.common.UpCheckResource","message":"Response for upcheck : 200 OK","throwable":""}
{"timestamp":"2021-11-13 09:21:11,567","container":"0679c92d0be4","level":"INFO","thread":"qtp330472244-29","logger":"c.q.t.api.common.VersionResource","message":"Enter Request : GET : /version","throwable":""}
{"timestamp":"2021-11-13 09:21:11,598","container":"0679c92d0be4","level":"INFO","thread":"qtp330472244-29","logger":"c.q.t.api.common.VersionResource","message":"Exit Request : GET : /version","throwable":""}
{"timestamp":"2021-11-13 09:21:11,601","container":"0679c92d0be4","level":"INFO","thread":"qtp330472244-29","logger":"c.q.t.api.common.VersionResource","message":"Response for version : 200 OK","throwable":""}
{"timestamp":"2021-11-13 09:21:11,620","container":"0679c92d0be4","level":"INFO","thread":"qtp330472244-29","logger":"c.q.t.api.common.VersionResource","message":"Enter Request : GET : /version/api","throwable":""}
{"timestamp":"2021-11-13 09:21:11,699","container":"0679c92d0be4","level":"INFO","thread":"qtp330472244-29","logger":"c.q.t.api.common.VersionResource","message":"Exit Request : GET : /version/api","throwable":""}
{"timestamp":"2021-11-13 09:21:11,704","container":"0679c92d0be4","level":"INFO","thread":"qtp330472244-29","logger":"c.q.t.api.common.VersionResource","message":"Response for version/api : 200 OK","throwable":""}
{"timestamp":"2021-11-13 09:21:11,822","container":"0679c92d0be4","level":"INFO","thread":"qtp330472244-30","logger":"c.q.t.api.common.UpCheckResource","message":"Enter Request : GET : /upcheck","throwable":""}
{"timestamp":"2021-11-13 09:21:11,824","container":"0679c92d0be4","level":"INFO","thread":"qtp330472244-30","logger":"c.q.t.api.common.UpCheckResource","message":"GET upcheck","throwable":""}
{"timestamp":"2021-11-13 09:21:11,834","container":"0679c92d0be4","level":"INFO","thread":"qtp330472244-30","logger":"c.q.t.api.common.UpCheckResource","message":"Exit Request : GET : /upcheck","throwable":""}
{"timestamp":"2021-11-13 09:21:11,840","container":"0679c92d0be4","level":"INFO","thread":"qtp330472244-30","logger":"c.q.t.api.common.UpCheckResource","message":"Response for upcheck : 200 OK","throwable":""}
{"timestamp":"2021-11-13 09:21:11,967","container":"0679c92d0be4","level":"INFO","thread":"qtp330472244-33","logger":"c.q.t.api.common.VersionResource","message":"Enter Request : GET : /version","throwable":""}
{"timestamp":"2021-11-13 09:21:11,973","container":"0679c92d0be4","level":"INFO","thread":"qtp330472244-33","logger":"c.q.t.api.common.VersionResource","message":"Exit Request : GET : /version","throwable":""}
{"timestamp":"2021-11-13 09:21:11,975","container":"0679c92d0be4","level":"INFO","thread":"qtp330472244-33","logger":"c.q.t.api.common.VersionResource","message":"Response for version : 200 OK","throwable":""}
{"timestamp":"2021-11-13 09:21:11,983","container":"0679c92d0be4","level":"INFO","thread":"qtp330472244-33","logger":"c.q.t.api.common.VersionResource","message":"Enter Request : GET : /version/api","throwable":""}
{"timestamp":"2021-11-13 09:21:11,987","container":"0679c92d0be4","level":"INFO","thread":"qtp330472244-33","logger":"c.q.t.api.common.VersionResource","message":"Exit Request : GET : /version/api","throwable":""}
{"timestamp":"2021-11-13 09:21:11,988","container":"0679c92d0be4","level":"INFO","thread":"qtp330472244-33","logger":"c.q.t.api.common.VersionResource","message":"Response for version/api : 200 OK","throwable":""}
{"timestamp":"2021-11-13 09:21:12,717","container":"0679c92d0be4","level":"INFO","thread":"qtp104893413-41","logger":"c.q.t.api.common.UpCheckResource","message":"Enter Request : GET : /upcheck","throwable":""}
{"timestamp":"2021-11-13 09:21:12,724","container":"0679c92d0be4","level":"INFO","thread":"qtp104893413-41","logger":"c.q.t.api.common.UpCheckResource","message":"GET upcheck","throwable":""}
{"timestamp":"2021-11-13 09:21:12,740","container":"0679c92d0be4","level":"INFO","thread":"qtp104893413-41","logger":"c.q.t.api.common.UpCheckResource","message":"Exit Request : GET : /upcheck","throwable":""}
{"timestamp":"2021-11-13 09:21:12,752","container":"0679c92d0be4","level":"INFO","thread":"qtp104893413-41","logger":"c.q.t.api.common.UpCheckResource","message":"Response for upcheck : 200 OK","throwable":""}
{"timestamp":"2021-11-13 09:21:15,971","container":"0679c92d0be4","level":"INFO","thread":"qtp104893413-43","logger":"c.q.t.api.common.UpCheckResource","message":"Enter Request : GET : /upcheck","throwable":""}
{"timestamp":"2021-11-13 09:21:15,973","container":"0679c92d0be4","level":"INFO","thread":"qtp104893413-43","logger":"c.q.t.api.common.UpCheckResource","message":"GET upcheck","throwable":""}
{"timestamp":"2021-11-13 09:21:15,976","container":"0679c92d0be4","level":"INFO","thread":"qtp104893413-43","logger":"c.q.t.api.common.UpCheckResource","message":"Exit Request : GET : /upcheck","throwable":""}
{"timestamp":"2021-11-13 09:21:15,979","container":"0679c92d0be4","level":"INFO","thread":"qtp104893413-43","logger":"c.q.t.api.common.UpCheckResource","message":"Response for upcheck : 200 OK","throwable":""}
{"timestamp":"2021-11-13 09:21:16,171","container":"0679c92d0be4","level":"INFO","thread":"pool-4-thread-1","logger":"c.q.t.p.p.PartyInfoBroadcaster","message":"Started PartyInfo polling round","throwable":""}
{"timestamp":"2021-11-13 09:21:16,209","container":"0679c92d0be4","level":"INFO","thread":"pool-4-thread-1","logger":"c.q.t.p.p.PartyInfoBroadcaster","message":"Finished PartyInfo polling round","throwable":""}
{"timestamp":"2021-11-13 09:21:19,189","container":"0679c92d0be4","level":"INFO","thread":"qtp104893413-43","logger":"c.q.t.api.common.UpCheckResource","message":"Enter Request : GET : /upcheck","throwable":""}
{"timestamp":"2021-11-13 09:21:19,192","container":"0679c92d0be4","level":"INFO","thread":"qtp104893413-43","logger":"c.q.t.api.common.UpCheckResource","message":"GET upcheck","throwable":""}
{"timestamp":"2021-11-13 09:21:19,197","container":"0679c92d0be4","level":"INFO","thread":"qtp104893413-43","logger":"c.q.t.api.common.UpCheckResource","message":"Exit Request : GET : /upcheck","throwable":""}
{"timestamp":"2021-11-13 09:21:19,202","container":"0679c92d0be4","level":"INFO","thread":"qtp104893413-43","logger":"c.q.t.api.common.UpCheckResource","message":"Response for upcheck : 200 OK","throwable":""}
{"timestamp":"2021-11-13 09:21:21,215","container":"0679c92d0be4","level":"INFO","thread":"pool-4-thread-1","logger":"c.q.t.p.p.PartyInfoBroadcaster","message":"Started PartyInfo polling round","throwable":""}
{"timestamp":"2021-11-13 09:21:21,218","container":"0679c92d0be4","level":"INFO","thread":"pool-4-thread-1","logger":"c.q.t.p.p.PartyInfoBroadcaster","message":"Finished PartyInfo polling round","throwable":""}
{"timestamp":"2021-11-13 09:21:22,300","container":"0679c92d0be4","level":"INFO","thread":"qtp104893413-41","logger":"c.q.t.api.common.UpCheckResource","message":"Enter Request : GET : /upcheck","throwable":""}
{"timestamp":"2021-11-13 09:21:22,302","container":"0679c92d0be4","level":"INFO","thread":"qtp104893413-41","logger":"c.q.t.api.common.UpCheckResource","message":"GET upcheck","throwable":""}
{"timestamp":"2021-11-13 09:21:22,303","container":"0679c92d0be4","level":"INFO","thread":"qtp104893413-41","logger":"c.q.t.api.common.UpCheckResource","message":"Exit Request : GET : /upcheck","throwable":""}
{"timestamp":"2021-11-13 09:21:22,304","container":"0679c92d0be4","level":"INFO","thread":"qtp104893413-41","logger":"c.q.t.api.common.UpCheckResource","message":"Response for upcheck : 200 OK","throwable":""}
{"timestamp":"2021-11-13 09:21:25,433","container":"0679c92d0be4","level":"INFO","thread":"qtp104893413-43","logger":"c.q.t.api.common.UpCheckResource","message":"Enter Request : GET : /upcheck","throwable":""}
{"timestamp":"2021-11-13 09:21:25,434","container":"0679c92d0be4","level":"INFO","thread":"qtp104893413-43","logger":"c.q.t.api.common.UpCheckResource","message":"GET upcheck","throwable":""}
{"timestamp":"2021-11-13 09:21:25,435","container":"0679c92d0be4","level":"INFO","thread":"qtp104893413-43","logger":"c.q.t.api.common.UpCheckResource","message":"Exit Request : GET : /upcheck","throwable":""}
{"timestamp":"2021-11-13 09:21:25,436","container":"0679c92d0be4","level":"INFO","thread":"qtp104893413-43","logger":"c.q.t.api.common.UpCheckResource","message":"Response for upcheck : 200 OK","throwable":""}
{"timestamp":"2021-11-13 09:21:26,221","container":"0679c92d0be4","level":"INFO","thread":"pool-4-thread-1","logger":"c.q.t.p.p.PartyInfoBroadcaster","message":"Started PartyInfo polling round","throwable":""}
{"timestamp":"2021-11-13 09:21:26,224","container":"0679c92d0be4","level":"INFO","thread":"pool-4-thread-1","logger":"c.q.t.p.p.PartyInfoBroadcaster","message":"Finished PartyInfo polling round","throwable":""}
